{"C:\\Users\\mathe\\Documents\\UDLA Ing. Software\\9no semestre\\Thesis\\terranova-connect\\src\\pages\\InsigniasPage.jsx": {"path":"C:\\Users\\mathe\\Documents\\UDLA Ing. Software\\9no semestre\\Thesis\\terranova-connect\\src\\pages\\InsigniasPage.jsx","all":false,"statementMap":{"0":{"start":{"line":1,"column":0},"end":{"line":1,"column":51}},"1":{"start":{"line":2,"column":0},"end":{"line":2,"column":44}},"2":{"start":{"line":3,"column":0},"end":{"line":3,"column":33}},"3":{"start":{"line":4,"column":0},"end":{"line":4,"column":32}},"4":{"start":{"line":5,"column":0},"end":{"line":5,"column":39}},"5":{"start":{"line":6,"column":0},"end":{"line":6,"column":0}},"6":{"start":{"line":7,"column":0},"end":{"line":7,"column":29}},"7":{"start":{"line":8,"column":0},"end":{"line":8,"column":36}},"8":{"start":{"line":9,"column":0},"end":{"line":9,"column":15}},"9":{"start":{"line":10,"column":0},"end":{"line":10,"column":14}},"10":{"start":{"line":11,"column":0},"end":{"line":11,"column":68}},"11":{"start":{"line":12,"column":0},"end":{"line":12,"column":5}},"12":{"start":{"line":13,"column":0},"end":{"line":13,"column":49}},"13":{"start":{"line":14,"column":0},"end":{"line":14,"column":69}},"14":{"start":{"line":15,"column":0},"end":{"line":15,"column":73}},"15":{"start":{"line":16,"column":0},"end":{"line":16,"column":66}},"16":{"start":{"line":17,"column":0},"end":{"line":17,"column":67}},"17":{"start":{"line":18,"column":0},"end":{"line":18,"column":20}},"18":{"start":{"line":19,"column":0},"end":{"line":19,"column":67}},"19":{"start":{"line":20,"column":0},"end":{"line":20,"column":0}},"20":{"start":{"line":21,"column":0},"end":{"line":21,"column":34}},"21":{"start":{"line":22,"column":0},"end":{"line":22,"column":39}},"22":{"start":{"line":23,"column":0},"end":{"line":23,"column":28}},"23":{"start":{"line":24,"column":0},"end":{"line":24,"column":9}},"24":{"start":{"line":25,"column":0},"end":{"line":25,"column":42}},"25":{"start":{"line":26,"column":0},"end":{"line":26,"column":67}},"26":{"start":{"line":27,"column":0},"end":{"line":27,"column":46}},"27":{"start":{"line":28,"column":0},"end":{"line":28,"column":16}},"28":{"start":{"line":29,"column":0},"end":{"line":29,"column":13}},"29":{"start":{"line":30,"column":0},"end":{"line":30,"column":18}},"30":{"start":{"line":31,"column":0},"end":{"line":31,"column":5}},"31":{"start":{"line":32,"column":0},"end":{"line":32,"column":4}},"32":{"start":{"line":33,"column":0},"end":{"line":33,"column":0}},"33":{"start":{"line":34,"column":0},"end":{"line":34,"column":36}},"34":{"start":{"line":35,"column":0},"end":{"line":35,"column":0}},"35":{"start":{"line":36,"column":0},"end":{"line":36,"column":42}},"36":{"start":{"line":37,"column":0},"end":{"line":37,"column":33}},"37":{"start":{"line":38,"column":0},"end":{"line":38,"column":9}},"38":{"start":{"line":39,"column":0},"end":{"line":39,"column":41}},"39":{"start":{"line":40,"column":0},"end":{"line":40,"column":0}},"40":{"start":{"line":41,"column":0},"end":{"line":41,"column":36}},"41":{"start":{"line":42,"column":0},"end":{"line":42,"column":75}},"42":{"start":{"line":43,"column":0},"end":{"line":43,"column":18}},"43":{"start":{"line":44,"column":0},"end":{"line":44,"column":43}},"44":{"start":{"line":45,"column":0},"end":{"line":45,"column":45}},"45":{"start":{"line":46,"column":0},"end":{"line":46,"column":10}},"46":{"start":{"line":47,"column":0},"end":{"line":47,"column":31}},"47":{"start":{"line":48,"column":0},"end":{"line":48,"column":9}},"48":{"start":{"line":49,"column":0},"end":{"line":49,"column":54}},"49":{"start":{"line":50,"column":0},"end":{"line":50,"column":41}},"50":{"start":{"line":51,"column":0},"end":{"line":51,"column":36}},"51":{"start":{"line":52,"column":0},"end":{"line":52,"column":7}},"52":{"start":{"line":53,"column":0},"end":{"line":53,"column":0}},"53":{"start":{"line":54,"column":0},"end":{"line":54,"column":35}},"54":{"start":{"line":55,"column":0},"end":{"line":55,"column":49}},"55":{"start":{"line":56,"column":0},"end":{"line":56,"column":43}},"56":{"start":{"line":57,"column":0},"end":{"line":57,"column":9}},"57":{"start":{"line":58,"column":0},"end":{"line":58,"column":20}},"58":{"start":{"line":59,"column":0},"end":{"line":59,"column":45}},"59":{"start":{"line":60,"column":0},"end":{"line":60,"column":47}},"60":{"start":{"line":61,"column":0},"end":{"line":61,"column":12}},"61":{"start":{"line":62,"column":0},"end":{"line":62,"column":33}},"62":{"start":{"line":63,"column":0},"end":{"line":63,"column":9}},"63":{"start":{"line":64,"column":0},"end":{"line":64,"column":8}},"64":{"start":{"line":65,"column":0},"end":{"line":65,"column":74}},"65":{"start":{"line":66,"column":0},"end":{"line":66,"column":51}},"66":{"start":{"line":67,"column":0},"end":{"line":67,"column":56}},"67":{"start":{"line":68,"column":0},"end":{"line":68,"column":7}},"68":{"start":{"line":69,"column":0},"end":{"line":69,"column":0}},"69":{"start":{"line":70,"column":0},"end":{"line":70,"column":24}},"70":{"start":{"line":71,"column":0},"end":{"line":71,"column":37}},"71":{"start":{"line":72,"column":0},"end":{"line":72,"column":50}},"72":{"start":{"line":73,"column":0},"end":{"line":73,"column":9}},"73":{"start":{"line":74,"column":0},"end":{"line":74,"column":20}},"74":{"start":{"line":75,"column":0},"end":{"line":75,"column":45}},"75":{"start":{"line":76,"column":0},"end":{"line":76,"column":47}},"76":{"start":{"line":77,"column":0},"end":{"line":77,"column":12}},"77":{"start":{"line":78,"column":0},"end":{"line":78,"column":33}},"78":{"start":{"line":79,"column":0},"end":{"line":79,"column":9}},"79":{"start":{"line":80,"column":0},"end":{"line":80,"column":8}},"80":{"start":{"line":81,"column":0},"end":{"line":81,"column":50}},"81":{"start":{"line":82,"column":0},"end":{"line":82,"column":13}},"82":{"start":{"line":83,"column":0},"end":{"line":83,"column":15}},"83":{"start":{"line":84,"column":0},"end":{"line":84,"column":17}},"84":{"start":{"line":85,"column":0},"end":{"line":85,"column":20}},"85":{"start":{"line":86,"column":0},"end":{"line":86,"column":29}},"86":{"start":{"line":87,"column":0},"end":{"line":87,"column":22}},"87":{"start":{"line":88,"column":0},"end":{"line":88,"column":0}},"88":{"start":{"line":89,"column":0},"end":{"line":89,"column":15}},"89":{"start":{"line":90,"column":0},"end":{"line":90,"column":40}},"90":{"start":{"line":91,"column":0},"end":{"line":91,"column":33}},"91":{"start":{"line":92,"column":0},"end":{"line":92,"column":15}},"92":{"start":{"line":93,"column":0},"end":{"line":93,"column":34}},"93":{"start":{"line":94,"column":0},"end":{"line":94,"column":66}},"94":{"start":{"line":95,"column":0},"end":{"line":95,"column":9}},"95":{"start":{"line":96,"column":0},"end":{"line":96,"column":19}},"96":{"start":{"line":97,"column":0},"end":{"line":97,"column":50}},"97":{"start":{"line":98,"column":0},"end":{"line":98,"column":5}},"98":{"start":{"line":99,"column":0},"end":{"line":99,"column":4}},"99":{"start":{"line":100,"column":0},"end":{"line":100,"column":0}},"100":{"start":{"line":101,"column":0},"end":{"line":101,"column":19}},"101":{"start":{"line":102,"column":0},"end":{"line":102,"column":17}},"102":{"start":{"line":103,"column":0},"end":{"line":103,"column":18}},"103":{"start":{"line":104,"column":0},"end":{"line":104,"column":5}},"104":{"start":{"line":105,"column":0},"end":{"line":105,"column":15}},"105":{"start":{"line":106,"column":0},"end":{"line":106,"column":0}},"106":{"start":{"line":107,"column":0},"end":{"line":107,"column":31}},"107":{"start":{"line":108,"column":0},"end":{"line":108,"column":36}},"108":{"start":{"line":109,"column":0},"end":{"line":109,"column":23}},"109":{"start":{"line":110,"column":0},"end":{"line":110,"column":16}},"110":{"start":{"line":111,"column":0},"end":{"line":111,"column":25}},"111":{"start":{"line":112,"column":0},"end":{"line":112,"column":18}},"112":{"start":{"line":113,"column":0},"end":{"line":113,"column":19}},"113":{"start":{"line":114,"column":0},"end":{"line":114,"column":25}},"114":{"start":{"line":115,"column":0},"end":{"line":115,"column":9}},"115":{"start":{"line":116,"column":0},"end":{"line":116,"column":16}},"116":{"start":{"line":117,"column":0},"end":{"line":117,"column":25}},"117":{"start":{"line":118,"column":0},"end":{"line":118,"column":19}},"118":{"start":{"line":119,"column":0},"end":{"line":119,"column":19}},"119":{"start":{"line":120,"column":0},"end":{"line":120,"column":25}},"120":{"start":{"line":121,"column":0},"end":{"line":121,"column":9}},"121":{"start":{"line":122,"column":0},"end":{"line":122,"column":29}},"122":{"start":{"line":123,"column":0},"end":{"line":123,"column":37}},"123":{"start":{"line":124,"column":0},"end":{"line":124,"column":7}},"124":{"start":{"line":125,"column":0},"end":{"line":125,"column":9}},"125":{"start":{"line":126,"column":0},"end":{"line":126,"column":4}},"126":{"start":{"line":127,"column":0},"end":{"line":127,"column":0}},"127":{"start":{"line":128,"column":0},"end":{"line":128,"column":38}},"128":{"start":{"line":129,"column":0},"end":{"line":129,"column":38}},"129":{"start":{"line":130,"column":0},"end":{"line":130,"column":39}},"130":{"start":{"line":131,"column":0},"end":{"line":131,"column":0}},"131":{"start":{"line":132,"column":0},"end":{"line":132,"column":9}},"132":{"start":{"line":133,"column":0},"end":{"line":133,"column":42}},"133":{"start":{"line":134,"column":0},"end":{"line":134,"column":54}},"134":{"start":{"line":135,"column":0},"end":{"line":135,"column":9}},"135":{"start":{"line":136,"column":0},"end":{"line":136,"column":65}},"136":{"start":{"line":137,"column":0},"end":{"line":137,"column":23}},"137":{"start":{"line":138,"column":0},"end":{"line":138,"column":18}},"138":{"start":{"line":139,"column":0},"end":{"line":139,"column":43}},"139":{"start":{"line":140,"column":0},"end":{"line":140,"column":45}},"140":{"start":{"line":141,"column":0},"end":{"line":141,"column":10}},"141":{"start":{"line":142,"column":0},"end":{"line":142,"column":30}},"142":{"start":{"line":143,"column":0},"end":{"line":143,"column":56}},"143":{"start":{"line":144,"column":0},"end":{"line":144,"column":11}},"144":{"start":{"line":145,"column":0},"end":{"line":145,"column":9}},"145":{"start":{"line":146,"column":0},"end":{"line":146,"column":0}},"146":{"start":{"line":147,"column":0},"end":{"line":147,"column":19}},"147":{"start":{"line":148,"column":0},"end":{"line":148,"column":28}},"148":{"start":{"line":149,"column":0},"end":{"line":149,"column":18}},"149":{"start":{"line":150,"column":0},"end":{"line":150,"column":70}},"150":{"start":{"line":151,"column":0},"end":{"line":151,"column":12}},"151":{"start":{"line":152,"column":0},"end":{"line":152,"column":0}},"152":{"start":{"line":153,"column":0},"end":{"line":153,"column":88}},"153":{"start":{"line":154,"column":0},"end":{"line":154,"column":43}},"154":{"start":{"line":155,"column":0},"end":{"line":155,"column":24}},"155":{"start":{"line":156,"column":0},"end":{"line":156,"column":0}},"156":{"start":{"line":157,"column":0},"end":{"line":157,"column":38}},"157":{"start":{"line":158,"column":0},"end":{"line":158,"column":34}},"158":{"start":{"line":159,"column":0},"end":{"line":159,"column":59}},"159":{"start":{"line":160,"column":0},"end":{"line":160,"column":0}},"160":{"start":{"line":161,"column":0},"end":{"line":161,"column":85}},"161":{"start":{"line":162,"column":0},"end":{"line":162,"column":20}},"162":{"start":{"line":163,"column":0},"end":{"line":163,"column":14}},"163":{"start":{"line":164,"column":0},"end":{"line":164,"column":37}},"164":{"start":{"line":165,"column":0},"end":{"line":165,"column":71}},"165":{"start":{"line":166,"column":0},"end":{"line":166,"column":7}},"166":{"start":{"line":167,"column":0},"end":{"line":167,"column":19}},"167":{"start":{"line":168,"column":0},"end":{"line":168,"column":47}},"168":{"start":{"line":169,"column":0},"end":{"line":169,"column":48}},"169":{"start":{"line":170,"column":0},"end":{"line":170,"column":5}},"170":{"start":{"line":171,"column":0},"end":{"line":171,"column":4}},"171":{"start":{"line":172,"column":0},"end":{"line":172,"column":0}},"172":{"start":{"line":173,"column":0},"end":{"line":173,"column":61}},"173":{"start":{"line":174,"column":0},"end":{"line":174,"column":48}},"174":{"start":{"line":175,"column":0},"end":{"line":175,"column":17}},"175":{"start":{"line":176,"column":0},"end":{"line":176,"column":32}},"176":{"start":{"line":177,"column":0},"end":{"line":177,"column":69}},"177":{"start":{"line":178,"column":0},"end":{"line":178,"column":7}},"178":{"start":{"line":179,"column":0},"end":{"line":179,"column":4}},"179":{"start":{"line":180,"column":0},"end":{"line":180,"column":0}},"180":{"start":{"line":181,"column":0},"end":{"line":181,"column":10}},"181":{"start":{"line":182,"column":0},"end":{"line":182,"column":54}},"182":{"start":{"line":183,"column":0},"end":{"line":183,"column":36}},"183":{"start":{"line":184,"column":0},"end":{"line":184,"column":39}},"184":{"start":{"line":185,"column":0},"end":{"line":185,"column":51}},"185":{"start":{"line":186,"column":0},"end":{"line":186,"column":58}},"186":{"start":{"line":187,"column":0},"end":{"line":187,"column":50}},"187":{"start":{"line":188,"column":0},"end":{"line":188,"column":69}},"188":{"start":{"line":189,"column":0},"end":{"line":189,"column":14}},"189":{"start":{"line":190,"column":0},"end":{"line":190,"column":14}},"190":{"start":{"line":191,"column":0},"end":{"line":191,"column":0}},"191":{"start":{"line":192,"column":0},"end":{"line":192,"column":53}},"192":{"start":{"line":193,"column":0},"end":{"line":193,"column":44}},"193":{"start":{"line":194,"column":0},"end":{"line":194,"column":79}},"194":{"start":{"line":195,"column":0},"end":{"line":195,"column":17}},"195":{"start":{"line":196,"column":0},"end":{"line":196,"column":65}},"196":{"start":{"line":197,"column":0},"end":{"line":197,"column":46}},"197":{"start":{"line":198,"column":0},"end":{"line":198,"column":65}},"198":{"start":{"line":199,"column":0},"end":{"line":199,"column":18}},"199":{"start":{"line":200,"column":0},"end":{"line":200,"column":18}},"200":{"start":{"line":201,"column":0},"end":{"line":201,"column":16}},"201":{"start":{"line":202,"column":0},"end":{"line":202,"column":0}},"202":{"start":{"line":203,"column":0},"end":{"line":203,"column":67}},"203":{"start":{"line":204,"column":0},"end":{"line":204,"column":38}},"204":{"start":{"line":205,"column":0},"end":{"line":205,"column":46}},"205":{"start":{"line":206,"column":0},"end":{"line":206,"column":70}},"206":{"start":{"line":207,"column":0},"end":{"line":207,"column":22}},"207":{"start":{"line":208,"column":0},"end":{"line":208,"column":20}},"208":{"start":{"line":209,"column":0},"end":{"line":209,"column":37}},"209":{"start":{"line":210,"column":0},"end":{"line":210,"column":43}},"210":{"start":{"line":211,"column":0},"end":{"line":211,"column":58}},"211":{"start":{"line":212,"column":0},"end":{"line":212,"column":21}},"212":{"start":{"line":213,"column":0},"end":{"line":213,"column":17}},"213":{"start":{"line":214,"column":0},"end":{"line":214,"column":46}},"214":{"start":{"line":215,"column":0},"end":{"line":215,"column":24}},"215":{"start":{"line":216,"column":0},"end":{"line":216,"column":27}},"216":{"start":{"line":217,"column":0},"end":{"line":217,"column":47}},"217":{"start":{"line":218,"column":0},"end":{"line":218,"column":57}},"218":{"start":{"line":219,"column":0},"end":{"line":219,"column":23}},"219":{"start":{"line":220,"column":0},"end":{"line":220,"column":36}},"220":{"start":{"line":221,"column":0},"end":{"line":221,"column":65}},"221":{"start":{"line":222,"column":0},"end":{"line":222,"column":22}},"222":{"start":{"line":223,"column":0},"end":{"line":223,"column":24}},"223":{"start":{"line":224,"column":0},"end":{"line":224,"column":62}},"224":{"start":{"line":225,"column":0},"end":{"line":225,"column":77}},"225":{"start":{"line":226,"column":0},"end":{"line":226,"column":25}},"226":{"start":{"line":227,"column":0},"end":{"line":227,"column":43}},"227":{"start":{"line":228,"column":0},"end":{"line":228,"column":45}},"228":{"start":{"line":229,"column":0},"end":{"line":229,"column":79}},"229":{"start":{"line":230,"column":0},"end":{"line":230,"column":19}},"230":{"start":{"line":231,"column":0},"end":{"line":231,"column":28}},"231":{"start":{"line":232,"column":0},"end":{"line":232,"column":27}},"232":{"start":{"line":233,"column":0},"end":{"line":233,"column":22}},"233":{"start":{"line":234,"column":0},"end":{"line":234,"column":16}},"234":{"start":{"line":235,"column":0},"end":{"line":235,"column":15}},"235":{"start":{"line":236,"column":0},"end":{"line":236,"column":16}},"236":{"start":{"line":237,"column":0},"end":{"line":237,"column":0}},"237":{"start":{"line":238,"column":0},"end":{"line":238,"column":56}},"238":{"start":{"line":239,"column":0},"end":{"line":239,"column":32}},"239":{"start":{"line":240,"column":0},"end":{"line":240,"column":15}},"240":{"start":{"line":241,"column":0},"end":{"line":241,"column":38}},"241":{"start":{"line":242,"column":0},"end":{"line":242,"column":45}},"242":{"start":{"line":243,"column":0},"end":{"line":243,"column":22}},"243":{"start":{"line":244,"column":0},"end":{"line":244,"column":79}},"244":{"start":{"line":245,"column":0},"end":{"line":245,"column":46}},"245":{"start":{"line":246,"column":0},"end":{"line":246,"column":24}},"246":{"start":{"line":247,"column":0},"end":{"line":247,"column":27}},"247":{"start":{"line":248,"column":0},"end":{"line":248,"column":47}},"248":{"start":{"line":249,"column":0},"end":{"line":249,"column":57}},"249":{"start":{"line":250,"column":0},"end":{"line":250,"column":23}},"250":{"start":{"line":251,"column":0},"end":{"line":251,"column":36}},"251":{"start":{"line":252,"column":0},"end":{"line":252,"column":65}},"252":{"start":{"line":253,"column":0},"end":{"line":253,"column":22}},"253":{"start":{"line":254,"column":0},"end":{"line":254,"column":24}},"254":{"start":{"line":255,"column":0},"end":{"line":255,"column":62}},"255":{"start":{"line":256,"column":0},"end":{"line":256,"column":77}},"256":{"start":{"line":257,"column":0},"end":{"line":257,"column":59}},"257":{"start":{"line":258,"column":0},"end":{"line":258,"column":32}},"258":{"start":{"line":259,"column":0},"end":{"line":259,"column":27}},"259":{"start":{"line":260,"column":0},"end":{"line":260,"column":22}},"260":{"start":{"line":261,"column":0},"end":{"line":261,"column":16}},"261":{"start":{"line":262,"column":0},"end":{"line":262,"column":15}},"262":{"start":{"line":263,"column":0},"end":{"line":263,"column":16}},"263":{"start":{"line":264,"column":0},"end":{"line":264,"column":0}},"264":{"start":{"line":265,"column":0},"end":{"line":265,"column":36}},"265":{"start":{"line":266,"column":0},"end":{"line":266,"column":16}},"266":{"start":{"line":267,"column":0},"end":{"line":267,"column":49}},"267":{"start":{"line":268,"column":0},"end":{"line":268,"column":59}},"268":{"start":{"line":269,"column":0},"end":{"line":269,"column":13}},"269":{"start":{"line":270,"column":0},"end":{"line":270,"column":18}},"270":{"start":{"line":271,"column":0},"end":{"line":271,"column":51}},"271":{"start":{"line":272,"column":0},"end":{"line":272,"column":52}},"272":{"start":{"line":273,"column":0},"end":{"line":273,"column":15}},"273":{"start":{"line":274,"column":0},"end":{"line":274,"column":23}},"274":{"start":{"line":275,"column":0},"end":{"line":275,"column":51}},"275":{"start":{"line":276,"column":0},"end":{"line":276,"column":63}},"276":{"start":{"line":277,"column":0},"end":{"line":277,"column":17}},"277":{"start":{"line":278,"column":0},"end":{"line":278,"column":19}},"278":{"start":{"line":279,"column":0},"end":{"line":279,"column":25}},"279":{"start":{"line":280,"column":0},"end":{"line":280,"column":56}},"280":{"start":{"line":281,"column":0},"end":{"line":281,"column":19}},"281":{"start":{"line":282,"column":0},"end":{"line":282,"column":64}},"282":{"start":{"line":283,"column":0},"end":{"line":283,"column":20}},"283":{"start":{"line":284,"column":0},"end":{"line":284,"column":57}},"284":{"start":{"line":285,"column":0},"end":{"line":285,"column":19}},"285":{"start":{"line":286,"column":0},"end":{"line":286,"column":35}},"286":{"start":{"line":287,"column":0},"end":{"line":287,"column":26}},"287":{"start":{"line":288,"column":0},"end":{"line":288,"column":66}},"288":{"start":{"line":289,"column":0},"end":{"line":289,"column":27}},"289":{"start":{"line":290,"column":0},"end":{"line":290,"column":20}},"290":{"start":{"line":291,"column":0},"end":{"line":291,"column":57}},"291":{"start":{"line":292,"column":0},"end":{"line":292,"column":79}},"292":{"start":{"line":293,"column":0},"end":{"line":293,"column":32}},"293":{"start":{"line":294,"column":0},"end":{"line":294,"column":27}},"294":{"start":{"line":295,"column":0},"end":{"line":295,"column":25}},"295":{"start":{"line":296,"column":0},"end":{"line":296,"column":46}},"296":{"start":{"line":297,"column":0},"end":{"line":297,"column":65}},"297":{"start":{"line":298,"column":0},"end":{"line":298,"column":19}},"298":{"start":{"line":299,"column":0},"end":{"line":299,"column":28}},"299":{"start":{"line":300,"column":0},"end":{"line":300,"column":27}},"300":{"start":{"line":301,"column":0},"end":{"line":301,"column":22}},"301":{"start":{"line":302,"column":0},"end":{"line":302,"column":20}},"302":{"start":{"line":303,"column":0},"end":{"line":303,"column":18}},"303":{"start":{"line":304,"column":0},"end":{"line":304,"column":12}},"304":{"start":{"line":305,"column":0},"end":{"line":305,"column":14}},"305":{"start":{"line":306,"column":0},"end":{"line":306,"column":13}},"306":{"start":{"line":307,"column":0},"end":{"line":307,"column":0}},"307":{"start":{"line":308,"column":0},"end":{"line":308,"column":28}},"308":{"start":{"line":309,"column":0},"end":{"line":309,"column":44}},"309":{"start":{"line":310,"column":0},"end":{"line":310,"column":43}},"310":{"start":{"line":311,"column":0},"end":{"line":311,"column":14}},"311":{"start":{"line":312,"column":0},"end":{"line":312,"column":8}},"312":{"start":{"line":313,"column":0},"end":{"line":313,"column":0}},"313":{"start":{"line":314,"column":0},"end":{"line":314,"column":58}},"314":{"start":{"line":315,"column":0},"end":{"line":315,"column":12}},"315":{"start":{"line":316,"column":0},"end":{"line":316,"column":41}},"316":{"start":{"line":317,"column":0},"end":{"line":317,"column":61}},"317":{"start":{"line":318,"column":0},"end":{"line":318,"column":9}},"318":{"start":{"line":319,"column":0},"end":{"line":319,"column":14}},"319":{"start":{"line":320,"column":0},"end":{"line":320,"column":45}},"320":{"start":{"line":321,"column":0},"end":{"line":321,"column":48}},"321":{"start":{"line":322,"column":0},"end":{"line":322,"column":11}},"322":{"start":{"line":323,"column":0},"end":{"line":323,"column":40}},"323":{"start":{"line":324,"column":0},"end":{"line":324,"column":15}},"324":{"start":{"line":325,"column":0},"end":{"line":325,"column":75}},"325":{"start":{"line":326,"column":0},"end":{"line":326,"column":27}},"326":{"start":{"line":327,"column":0},"end":{"line":327,"column":16}},"327":{"start":{"line":328,"column":0},"end":{"line":328,"column":19}},"328":{"start":{"line":329,"column":0},"end":{"line":329,"column":38}},"329":{"start":{"line":330,"column":0},"end":{"line":330,"column":65}},"330":{"start":{"line":331,"column":0},"end":{"line":331,"column":13}},"331":{"start":{"line":332,"column":0},"end":{"line":332,"column":20}},"332":{"start":{"line":333,"column":0},"end":{"line":333,"column":21}},"333":{"start":{"line":334,"column":0},"end":{"line":334,"column":16}},"334":{"start":{"line":335,"column":0},"end":{"line":335,"column":14}},"335":{"start":{"line":336,"column":0},"end":{"line":336,"column":8}},"336":{"start":{"line":337,"column":0},"end":{"line":337,"column":10}},"337":{"start":{"line":338,"column":0},"end":{"line":338,"column":4}},"338":{"start":{"line":339,"column":0},"end":{"line":339,"column":2}},"339":{"start":{"line":340,"column":0},"end":{"line":340,"column":0}},"340":{"start":{"line":341,"column":0},"end":{"line":341,"column":29}}},"s":{"0":1,"1":49,"2":1,"3":1,"4":1,"5":1,"6":1,"7":7,"8":7,"9":7,"10":7,"11":7,"12":7,"13":7,"14":7,"15":7,"16":7,"17":7,"18":7,"19":7,"20":7,"21":7,"22":7,"23":7,"24":7,"25":7,"26":7,"27":7,"28":7,"29":0,"30":0,"31":7,"32":7,"33":7,"34":7,"35":7,"36":7,"37":4,"38":4,"39":4,"40":4,"41":4,"42":4,"43":4,"44":4,"45":4,"46":4,"47":4,"48":4,"49":4,"50":4,"51":4,"52":4,"53":4,"54":4,"55":4,"56":4,"57":4,"58":4,"59":4,"60":4,"61":4,"62":4,"63":4,"64":4,"65":4,"66":4,"67":4,"68":4,"69":4,"70":4,"71":4,"72":4,"73":4,"74":4,"75":4,"76":4,"77":4,"78":4,"79":4,"80":4,"81":4,"82":4,"83":4,"84":4,"85":4,"86":4,"87":4,"88":4,"89":4,"90":4,"91":4,"92":4,"93":4,"94":4,"95":0,"96":0,"97":7,"98":7,"99":7,"100":7,"101":3,"102":3,"103":3,"104":7,"105":7,"106":7,"107":1,"108":1,"109":2,"110":2,"111":2,"112":2,"113":2,"114":2,"115":2,"116":2,"117":2,"118":2,"119":2,"120":2,"121":2,"122":2,"123":2,"124":1,"125":7,"126":7,"127":7,"128":1,"129":1,"130":1,"131":1,"132":1,"133":1,"134":1,"135":1,"136":1,"137":1,"138":1,"139":1,"140":1,"141":1,"142":1,"143":1,"144":1,"145":1,"146":1,"147":1,"148":1,"149":1,"150":1,"151":1,"152":1,"153":1,"154":1,"155":1,"156":1,"157":1,"158":1,"159":1,"160":1,"161":1,"162":0,"163":0,"164":0,"165":0,"166":0,"167":0,"168":0,"169":7,"170":7,"171":7,"172":7,"173":7,"174":7,"175":4,"176":4,"177":4,"178":7,"179":7,"180":7,"181":7,"182":7,"183":7,"184":7,"185":7,"186":7,"187":7,"188":7,"189":7,"190":7,"191":7,"192":7,"193":7,"194":7,"195":7,"196":7,"197":7,"198":7,"199":7,"200":7,"201":7,"202":7,"203":7,"204":7,"205":3,"206":3,"207":3,"208":3,"209":3,"210":3,"211":3,"212":3,"213":3,"214":3,"215":3,"216":3,"217":0,"218":3,"219":3,"220":3,"221":3,"222":3,"223":3,"224":3,"225":3,"226":3,"227":3,"228":3,"229":3,"230":3,"231":3,"232":3,"233":3,"234":7,"235":7,"236":7,"237":7,"238":7,"239":7,"240":7,"241":7,"242":1,"243":1,"244":1,"245":1,"246":1,"247":1,"248":1,"249":1,"250":1,"251":1,"252":1,"253":1,"254":1,"255":1,"256":1,"257":1,"258":1,"259":1,"260":1,"261":7,"262":7,"263":7,"264":7,"265":1,"266":1,"267":1,"268":1,"269":1,"270":1,"271":1,"272":1,"273":1,"274":1,"275":1,"276":1,"277":1,"278":1,"279":1,"280":1,"281":1,"282":1,"283":1,"284":1,"285":1,"286":1,"287":1,"288":1,"289":1,"290":1,"291":1,"292":1,"293":1,"294":1,"295":1,"296":1,"297":1,"298":1,"299":1,"300":1,"301":1,"302":1,"303":7,"304":7,"305":7,"306":7,"307":7,"308":1,"309":1,"310":1,"311":7,"312":7,"313":7,"314":1,"315":1,"316":1,"317":1,"318":1,"319":1,"320":1,"321":1,"322":1,"323":1,"324":1,"325":1,"326":1,"327":1,"328":1,"329":1,"330":1,"331":1,"332":1,"333":1,"334":1,"335":7,"336":7,"337":7,"338":7,"339":1,"340":1},"branchMap":{"0":{"type":"branch","line":2,"loc":{"start":{"line":2,"column":0},"end":{"line":2,"column":44}},"locations":[{"start":{"line":2,"column":0},"end":{"line":2,"column":44}}]},"1":{"type":"branch","line":2,"loc":{"start":{"line":2,"column":0},"end":{"line":2,"column":44}},"locations":[{"start":{"line":2,"column":0},"end":{"line":2,"column":44}}]},"2":{"type":"branch","line":2,"loc":{"start":{"line":2,"column":0},"end":{"line":2,"column":44}},"locations":[{"start":{"line":2,"column":0},"end":{"line":2,"column":44}}]},"3":{"type":"branch","line":2,"loc":{"start":{"line":2,"column":0},"end":{"line":2,"column":44}},"locations":[{"start":{"line":2,"column":0},"end":{"line":2,"column":44}}]},"4":{"type":"branch","line":2,"loc":{"start":{"line":2,"column":0},"end":{"line":2,"column":44}},"locations":[{"start":{"line":2,"column":0},"end":{"line":2,"column":44}}]},"5":{"type":"branch","line":2,"loc":{"start":{"line":2,"column":0},"end":{"line":2,"column":44}},"locations":[{"start":{"line":2,"column":0},"end":{"line":2,"column":44}}]},"6":{"type":"branch","line":2,"loc":{"start":{"line":2,"column":0},"end":{"line":2,"column":44}},"locations":[{"start":{"line":2,"column":0},"end":{"line":2,"column":44}}]},"7":{"type":"branch","line":2,"loc":{"start":{"line":2,"column":0},"end":{"line":2,"column":44}},"locations":[{"start":{"line":2,"column":0},"end":{"line":2,"column":44}}]},"8":{"type":"branch","line":2,"loc":{"start":{"line":2,"column":0},"end":{"line":2,"column":44}},"locations":[{"start":{"line":2,"column":0},"end":{"line":2,"column":44}}]},"9":{"type":"branch","line":2,"loc":{"start":{"line":2,"column":0},"end":{"line":2,"column":44}},"locations":[{"start":{"line":2,"column":0},"end":{"line":2,"column":44}}]},"10":{"type":"branch","line":2,"loc":{"start":{"line":2,"column":0},"end":{"line":2,"column":44}},"locations":[{"start":{"line":2,"column":0},"end":{"line":2,"column":44}}]},"11":{"type":"branch","line":2,"loc":{"start":{"line":2,"column":0},"end":{"line":2,"column":44}},"locations":[{"start":{"line":2,"column":0},"end":{"line":2,"column":44}}]},"12":{"type":"branch","line":2,"loc":{"start":{"line":2,"column":0},"end":{"line":2,"column":44}},"locations":[{"start":{"line":2,"column":0},"end":{"line":2,"column":44}}]},"13":{"type":"branch","line":7,"loc":{"start":{"line":7,"column":22},"end":{"line":339,"column":2}},"locations":[{"start":{"line":7,"column":22},"end":{"line":339,"column":2}}]},"14":{"type":"branch","line":265,"loc":{"start":{"line":265,"column":31},"end":{"line":303,"column":18}},"locations":[{"start":{"line":265,"column":31},"end":{"line":303,"column":18}}]},"15":{"type":"branch","line":308,"loc":{"start":{"line":308,"column":23},"end":{"line":311,"column":14}},"locations":[{"start":{"line":308,"column":23},"end":{"line":311,"column":14}}]},"16":{"type":"branch","line":314,"loc":{"start":{"line":314,"column":32},"end":{"line":314,"column":53}},"locations":[{"start":{"line":314,"column":32},"end":{"line":314,"column":53}}]},"17":{"type":"branch","line":314,"loc":{"start":{"line":314,"column":53},"end":{"line":335,"column":14}},"locations":[{"start":{"line":314,"column":53},"end":{"line":335,"column":14}}]},"18":{"type":"branch","line":21,"loc":{"start":{"line":21,"column":27},"end":{"line":32,"column":3}},"locations":[{"start":{"line":21,"column":27},"end":{"line":32,"column":3}}]},"19":{"type":"branch","line":23,"loc":{"start":{"line":23,"column":16},"end":{"line":23,"column":28}},"locations":[{"start":{"line":23,"column":16},"end":{"line":23,"column":28}}]},"20":{"type":"branch","line":29,"loc":{"start":{"line":29,"column":6},"end":{"line":31,"column":5}},"locations":[{"start":{"line":29,"column":6},"end":{"line":31,"column":5}}]},"21":{"type":"branch","line":37,"loc":{"start":{"line":37,"column":17},"end":{"line":37,"column":20}},"locations":[{"start":{"line":37,"column":17},"end":{"line":37,"column":20}}]},"22":{"type":"branch","line":37,"loc":{"start":{"line":37,"column":20},"end":{"line":97,"column":50}},"locations":[{"start":{"line":37,"column":20},"end":{"line":97,"column":50}}]},"23":{"type":"branch","line":37,"loc":{"start":{"line":37,"column":20},"end":{"line":97,"column":50}},"locations":[{"start":{"line":37,"column":20},"end":{"line":97,"column":50}}]},"24":{"type":"branch","line":37,"loc":{"start":{"line":37,"column":20},"end":{"line":97,"column":50}},"locations":[{"start":{"line":37,"column":20},"end":{"line":97,"column":50}}]},"25":{"type":"branch","line":37,"loc":{"start":{"line":37,"column":20},"end":{"line":48,"column":9}},"locations":[{"start":{"line":37,"column":20},"end":{"line":48,"column":9}}]},"26":{"type":"branch","line":48,"loc":{"start":{"line":48,"column":8},"end":{"line":49,"column":54}},"locations":[{"start":{"line":48,"column":8},"end":{"line":49,"column":54}}]},"27":{"type":"branch","line":49,"loc":{"start":{"line":49,"column":53},"end":{"line":64,"column":8}},"locations":[{"start":{"line":49,"column":53},"end":{"line":64,"column":8}}]},"28":{"type":"branch","line":64,"loc":{"start":{"line":64,"column":7},"end":{"line":65,"column":74}},"locations":[{"start":{"line":64,"column":7},"end":{"line":65,"column":74}}]},"29":{"type":"branch","line":65,"loc":{"start":{"line":65,"column":73},"end":{"line":80,"column":8}},"locations":[{"start":{"line":65,"column":73},"end":{"line":80,"column":8}}]},"30":{"type":"branch","line":80,"loc":{"start":{"line":80,"column":7},"end":{"line":81,"column":50}},"locations":[{"start":{"line":80,"column":7},"end":{"line":81,"column":50}}]},"31":{"type":"branch","line":81,"loc":{"start":{"line":81,"column":49},"end":{"line":95,"column":9}},"locations":[{"start":{"line":81,"column":49},"end":{"line":95,"column":9}}]},"32":{"type":"branch","line":86,"loc":{"start":{"line":86,"column":24},"end":{"line":86,"column":28}},"locations":[{"start":{"line":86,"column":24},"end":{"line":86,"column":28}}]},"33":{"type":"branch","line":93,"loc":{"start":{"line":93,"column":26},"end":{"line":93,"column":31}},"locations":[{"start":{"line":93,"column":26},"end":{"line":93,"column":31}}]},"34":{"type":"branch","line":96,"loc":{"start":{"line":96,"column":-2},"end":{"line":97,"column":50}},"locations":[{"start":{"line":96,"column":-2},"end":{"line":97,"column":50}}]},"35":{"type":"branch","line":101,"loc":{"start":{"line":101,"column":12},"end":{"line":105,"column":3}},"locations":[{"start":{"line":101,"column":12},"end":{"line":105,"column":3}}]},"36":{"type":"branch","line":107,"loc":{"start":{"line":107,"column":24},"end":{"line":126,"column":3}},"locations":[{"start":{"line":107,"column":24},"end":{"line":126,"column":3}}]},"37":{"type":"branch","line":109,"loc":{"start":{"line":109,"column":5},"end":{"line":125,"column":5}},"locations":[{"start":{"line":109,"column":5},"end":{"line":125,"column":5}}]},"38":{"type":"branch","line":128,"loc":{"start":{"line":128,"column":22},"end":{"line":128,"column":25}},"locations":[{"start":{"line":128,"column":22},"end":{"line":128,"column":25}}]},"39":{"type":"branch","line":128,"loc":{"start":{"line":128,"column":25},"end":{"line":169,"column":48}},"locations":[{"start":{"line":128,"column":25},"end":{"line":169,"column":48}}]},"40":{"type":"branch","line":128,"loc":{"start":{"line":128,"column":25},"end":{"line":169,"column":48}},"locations":[{"start":{"line":128,"column":25},"end":{"line":169,"column":48}}]},"41":{"type":"branch","line":128,"loc":{"start":{"line":128,"column":25},"end":{"line":169,"column":48}},"locations":[{"start":{"line":128,"column":25},"end":{"line":169,"column":48}}]},"42":{"type":"branch","line":128,"loc":{"start":{"line":128,"column":25},"end":{"line":129,"column":38}},"locations":[{"start":{"line":128,"column":25},"end":{"line":129,"column":38}}]},"43":{"type":"branch","line":129,"loc":{"start":{"line":129,"column":29},"end":{"line":129,"column":38}},"locations":[{"start":{"line":129,"column":29},"end":{"line":129,"column":38}}]},"44":{"type":"branch","line":129,"loc":{"start":{"line":129,"column":29},"end":{"line":145,"column":9}},"locations":[{"start":{"line":129,"column":29},"end":{"line":145,"column":9}}]},"45":{"type":"branch","line":145,"loc":{"start":{"line":145,"column":8},"end":{"line":162,"column":20}},"locations":[{"start":{"line":145,"column":8},"end":{"line":162,"column":20}}]},"46":{"type":"branch","line":147,"loc":{"start":{"line":147,"column":16},"end":{"line":147,"column":19}},"locations":[{"start":{"line":147,"column":16},"end":{"line":147,"column":19}}]},"47":{"type":"branch","line":163,"loc":{"start":{"line":163,"column":-2},"end":{"line":164,"column":37}},"locations":[{"start":{"line":163,"column":-2},"end":{"line":164,"column":37}}]},"48":{"type":"branch","line":164,"loc":{"start":{"line":164,"column":36},"end":{"line":165,"column":71}},"locations":[{"start":{"line":164,"column":36},"end":{"line":165,"column":71}}]},"49":{"type":"branch","line":166,"loc":{"start":{"line":166,"column":-2},"end":{"line":169,"column":48}},"locations":[{"start":{"line":166,"column":-2},"end":{"line":169,"column":48}}]},"50":{"type":"branch","line":148,"loc":{"start":{"line":148,"column":16},"end":{"line":150,"column":70}},"locations":[{"start":{"line":148,"column":16},"end":{"line":150,"column":70}}]},"51":{"type":"branch","line":175,"loc":{"start":{"line":175,"column":4},"end":{"line":178,"column":7}},"locations":[{"start":{"line":175,"column":4},"end":{"line":178,"column":7}}]},"52":{"type":"branch","line":177,"loc":{"start":{"line":177,"column":8},"end":{"line":177,"column":69}},"locations":[{"start":{"line":177,"column":8},"end":{"line":177,"column":69}}]},"53":{"type":"branch","line":205,"loc":{"start":{"line":205,"column":38},"end":{"line":235,"column":13}},"locations":[{"start":{"line":205,"column":38},"end":{"line":235,"column":13}}]},"54":{"type":"branch","line":211,"loc":{"start":{"line":211,"column":34},"end":{"line":211,"column":53}},"locations":[{"start":{"line":211,"column":34},"end":{"line":211,"column":53}}]},"55":{"type":"branch","line":217,"loc":{"start":{"line":217,"column":39},"end":{"line":217,"column":41}},"locations":[{"start":{"line":217,"column":39},"end":{"line":217,"column":41}}]},"56":{"type":"branch","line":217,"loc":{"start":{"line":217,"column":44},"end":{"line":218,"column":57}},"locations":[{"start":{"line":217,"column":44},"end":{"line":218,"column":57}}]},"57":{"type":"branch","line":229,"loc":{"start":{"line":229,"column":29},"end":{"line":229,"column":79}},"locations":[{"start":{"line":229,"column":29},"end":{"line":229,"column":79}}]},"58":{"type":"branch","line":242,"loc":{"start":{"line":242,"column":37},"end":{"line":262,"column":13}},"locations":[{"start":{"line":242,"column":37},"end":{"line":262,"column":13}}]},"59":{"type":"branch","line":248,"loc":{"start":{"line":248,"column":34},"end":{"line":248,"column":41}},"locations":[{"start":{"line":248,"column":34},"end":{"line":248,"column":41}}]},"60":{"type":"branch","line":248,"loc":{"start":{"line":248,"column":39},"end":{"line":248,"column":41}},"locations":[{"start":{"line":248,"column":39},"end":{"line":248,"column":41}}]},"61":{"type":"branch","line":248,"loc":{"start":{"line":248,"column":39},"end":{"line":248,"column":44}},"locations":[{"start":{"line":248,"column":39},"end":{"line":248,"column":44}}]},"62":{"type":"branch","line":272,"loc":{"start":{"line":272,"column":25},"end":{"line":272,"column":52}},"locations":[{"start":{"line":272,"column":25},"end":{"line":272,"column":52}}]}},"b":{"0":[30],"1":[0],"2":[5],"3":[25],"4":[14],"5":[5],"6":[5],"7":[30],"8":[49],"9":[0],"10":[0],"11":[0],"12":[49],"13":[7],"14":[1],"15":[1],"16":[1],"17":[1],"18":[7],"19":[0],"20":[0],"21":[7],"22":[4],"23":[28],"24":[32],"25":[4],"26":[4],"27":[4],"28":[4],"29":[4],"30":[4],"31":[4],"32":[0],"33":[0],"34":[0],"35":[3],"36":[1],"37":[2],"38":[7],"39":[1],"40":[2],"41":[5],"42":[1],"43":[0],"44":[1],"45":[1],"46":[0],"47":[0],"48":[0],"49":[0],"50":[1],"51":[4],"52":[1],"53":[3],"54":[0],"55":[0],"56":[0],"57":[1],"58":[1],"59":[0],"60":[0],"61":[0],"62":[1]},"fnMap":{"0":{"name":"asyncGeneratorStep","decl":{"start":{"line":2,"column":0},"end":{"line":2,"column":44}},"loc":{"start":{"line":2,"column":0},"end":{"line":2,"column":44}},"line":2},"1":{"name":"_asyncToGenerator","decl":{"start":{"line":2,"column":0},"end":{"line":2,"column":44}},"loc":{"start":{"line":2,"column":0},"end":{"line":2,"column":44}},"line":2},"2":{"name":"_next","decl":{"start":{"line":2,"column":0},"end":{"line":2,"column":44}},"loc":{"start":{"line":2,"column":0},"end":{"line":2,"column":44}},"line":2},"3":{"name":"_throw","decl":{"start":{"line":2,"column":0},"end":{"line":2,"column":44}},"loc":{"start":{"line":2,"column":0},"end":{"line":2,"column":44}},"line":2},"4":{"name":"_slicedToArray","decl":{"start":{"line":2,"column":0},"end":{"line":2,"column":44}},"loc":{"start":{"line":2,"column":0},"end":{"line":2,"column":44}},"line":2},"5":{"name":"_nonIterableRest","decl":{"start":{"line":2,"column":0},"end":{"line":2,"column":44}},"loc":{"start":{"line":2,"column":0},"end":{"line":2,"column":44}},"line":2},"6":{"name":"_unsupportedIterableToArray","decl":{"start":{"line":2,"column":0},"end":{"line":2,"column":44}},"loc":{"start":{"line":2,"column":0},"end":{"line":2,"column":44}},"line":2},"7":{"name":"_arrayLikeToArray","decl":{"start":{"line":2,"column":0},"end":{"line":2,"column":44}},"loc":{"start":{"line":2,"column":0},"end":{"line":2,"column":44}},"line":2},"8":{"name":"_iterableToArrayLimit","decl":{"start":{"line":2,"column":0},"end":{"line":2,"column":44}},"loc":{"start":{"line":2,"column":0},"end":{"line":2,"column":44}},"line":2},"9":{"name":"_arrayWithHoles","decl":{"start":{"line":2,"column":0},"end":{"line":2,"column":44}},"loc":{"start":{"line":2,"column":0},"end":{"line":2,"column":44}},"line":2},"10":{"name":"InsigniasPage","decl":{"start":{"line":7,"column":22},"end":{"line":339,"column":2}},"loc":{"start":{"line":7,"column":22},"end":{"line":339,"column":2}},"line":7},"11":{"name":"getCurrentUserId","decl":{"start":{"line":21,"column":27},"end":{"line":32,"column":3}},"loc":{"start":{"line":21,"column":27},"end":{"line":32,"column":3}},"line":21},"12":{"name":"_callee","decl":{"start":{"line":37,"column":20},"end":{"line":97,"column":50}},"loc":{"start":{"line":37,"column":20},"end":{"line":97,"column":50}},"line":37},"13":{"name":"_callee$","decl":{"start":{"line":37,"column":20},"end":{"line":97,"column":50}},"loc":{"start":{"line":37,"column":20},"end":{"line":97,"column":50}},"line":37},"14":{"name":"lanzarConfeti","decl":{"start":{"line":107,"column":24},"end":{"line":126,"column":3}},"loc":{"start":{"line":107,"column":24},"end":{"line":126,"column":3}},"line":107},"15":{"name":"frame","decl":{"start":{"line":109,"column":5},"end":{"line":125,"column":5}},"loc":{"start":{"line":109,"column":5},"end":{"line":125,"column":5}},"line":109},"16":{"name":"_callee2","decl":{"start":{"line":128,"column":25},"end":{"line":169,"column":48}},"loc":{"start":{"line":128,"column":25},"end":{"line":169,"column":48}},"line":128},"17":{"name":"_callee2$","decl":{"start":{"line":128,"column":25},"end":{"line":169,"column":48}},"loc":{"start":{"line":128,"column":25},"end":{"line":169,"column":48}},"line":128},"18":{"name":"onClick","decl":{"start":{"line":229,"column":29},"end":{"line":229,"column":79}},"loc":{"start":{"line":229,"column":29},"end":{"line":229,"column":79}},"line":229},"19":{"name":"onClick","decl":{"start":{"line":268,"column":23},"end":{"line":268,"column":59}},"loc":{"start":{"line":268,"column":23},"end":{"line":268,"column":59}},"line":268},"20":{"name":"onClick","decl":{"start":{"line":272,"column":25},"end":{"line":272,"column":52}},"loc":{"start":{"line":272,"column":25},"end":{"line":272,"column":52}},"line":272},"21":{"name":"onClick","decl":{"start":{"line":276,"column":27},"end":{"line":276,"column":63}},"loc":{"start":{"line":276,"column":27},"end":{"line":276,"column":63}},"line":276},"22":{"name":"onClick","decl":{"start":{"line":297,"column":29},"end":{"line":297,"column":65}},"loc":{"start":{"line":297,"column":29},"end":{"line":297,"column":65}},"line":297},"23":{"name":"onClick","decl":{"start":{"line":317,"column":19},"end":{"line":317,"column":61}},"loc":{"start":{"line":317,"column":19},"end":{"line":317,"column":61}},"line":317},"24":{"name":"onClick","decl":{"start":{"line":321,"column":21},"end":{"line":321,"column":48}},"loc":{"start":{"line":321,"column":21},"end":{"line":321,"column":48}},"line":321},"25":{"name":"onClick","decl":{"start":{"line":330,"column":23},"end":{"line":330,"column":65}},"loc":{"start":{"line":330,"column":23},"end":{"line":330,"column":65}},"line":330}},"f":{"0":30,"1":14,"2":30,"3":0,"4":49,"5":0,"6":0,"7":0,"8":0,"9":49,"10":7,"11":7,"12":4,"13":28,"14":1,"15":2,"16":1,"17":2,"18":1,"19":0,"20":1,"21":0,"22":0,"23":0,"24":0,"25":0}}
}
