TN:
SF:src\pages\InsigniasPage.jsx
FN:2,asyncGeneratorStep
FN:2,_asyncToGenerator
FN:2,_next
FN:2,_throw
FN:2,_slicedToArray
FN:2,_nonIterableRest
FN:2,_unsupportedIterableToArray
FN:2,_arrayLikeToArray
FN:2,_iterableToArrayLimit
FN:2,_arrayWithHoles
FN:7,InsigniasPage
FN:21,getCurrentUserId
FN:37,_callee
FN:37,_callee$
FN:107,lanzarConfeti
FN:109,frame
FN:128,_callee2
FN:128,_callee2$
FN:229,onClick
FN:268,onClick
FN:272,onClick
FN:276,onClick
FN:297,onClick
FN:317,onClick
FN:321,onClick
FN:330,onClick
FNF:26
FNH:15
FNDA:30,asyncGeneratorStep
FNDA:14,_asyncToGenerator
FNDA:30,_next
FNDA:0,_throw
FNDA:49,_slicedToArray
FNDA:0,_nonIterableRest
FNDA:0,_unsupportedIterableToArray
FNDA:0,_arrayLikeToArray
FNDA:0,_iterableToArrayLimit
FNDA:49,_arrayWithHoles
FNDA:7,InsigniasPage
FNDA:7,getCurrentUserId
FNDA:4,_callee
FNDA:28,_callee$
FNDA:1,lanzarConfeti
FNDA:2,frame
FNDA:1,_callee2
FNDA:2,_callee2$
FNDA:1,onClick
FNDA:0,onClick
FNDA:1,onClick
FNDA:0,onClick
FNDA:0,onClick
FNDA:0,onClick
FNDA:0,onClick
FNDA:0,onClick
DA:1,1
DA:2,49
DA:3,1
DA:4,1
DA:5,1
DA:6,1
DA:7,1
DA:8,7
DA:9,7
DA:10,7
DA:11,7
DA:12,7
DA:13,7
DA:14,7
DA:15,7
DA:16,7
DA:17,7
DA:18,7
DA:19,7
DA:20,7
DA:21,7
DA:22,7
DA:23,7
DA:24,7
DA:25,7
DA:26,7
DA:27,7
DA:28,7
DA:29,7
DA:30,0
DA:31,0
DA:32,7
DA:33,7
DA:34,7
DA:35,7
DA:36,7
DA:37,7
DA:38,4
DA:39,4
DA:40,4
DA:41,4
DA:42,4
DA:43,4
DA:44,4
DA:45,4
DA:46,4
DA:47,4
DA:48,4
DA:49,4
DA:50,4
DA:51,4
DA:52,4
DA:53,4
DA:54,4
DA:55,4
DA:56,4
DA:57,4
DA:58,4
DA:59,4
DA:60,4
DA:61,4
DA:62,4
DA:63,4
DA:64,4
DA:65,4
DA:66,4
DA:67,4
DA:68,4
DA:69,4
DA:70,4
DA:71,4
DA:72,4
DA:73,4
DA:74,4
DA:75,4
DA:76,4
DA:77,4
DA:78,4
DA:79,4
DA:80,4
DA:81,4
DA:82,4
DA:83,4
DA:84,4
DA:85,4
DA:86,4
DA:87,4
DA:88,4
DA:89,4
DA:90,4
DA:91,4
DA:92,4
DA:93,4
DA:94,4
DA:95,4
DA:96,0
DA:97,0
DA:98,7
DA:99,7
DA:100,7
DA:101,7
DA:102,3
DA:103,3
DA:104,3
DA:105,7
DA:106,7
DA:107,7
DA:108,1
DA:109,1
DA:110,2
DA:111,2
DA:112,2
DA:113,2
DA:114,2
DA:115,2
DA:116,2
DA:117,2
DA:118,2
DA:119,2
DA:120,2
DA:121,2
DA:122,2
DA:123,2
DA:124,2
DA:125,1
DA:126,7
DA:127,7
DA:128,7
DA:129,1
DA:130,1
DA:131,1
DA:132,1
DA:133,1
DA:134,1
DA:135,1
DA:136,1
DA:137,1
DA:138,1
DA:139,1
DA:140,1
DA:141,1
DA:142,1
DA:143,1
DA:144,1
DA:145,1
DA:146,1
DA:147,1
DA:148,1
DA:149,1
DA:150,1
DA:151,1
DA:152,1
DA:153,1
DA:154,1
DA:155,1
DA:156,1
DA:157,1
DA:158,1
DA:159,1
DA:160,1
DA:161,1
DA:162,1
DA:163,0
DA:164,0
DA:165,0
DA:166,0
DA:167,0
DA:168,0
DA:169,0
DA:170,7
DA:171,7
DA:172,7
DA:173,7
DA:174,7
DA:175,7
DA:176,4
DA:177,4
DA:178,4
DA:179,7
DA:180,7
DA:181,7
DA:182,7
DA:183,7
DA:184,7
DA:185,7
DA:186,7
DA:187,7
DA:188,7
DA:189,7
DA:190,7
DA:191,7
DA:192,7
DA:193,7
DA:194,7
DA:195,7
DA:196,7
DA:197,7
DA:198,7
DA:199,7
DA:200,7
DA:201,7
DA:202,7
DA:203,7
DA:204,7
DA:205,7
DA:206,3
DA:207,3
DA:208,3
DA:209,3
DA:210,3
DA:211,3
DA:212,3
DA:213,3
DA:214,3
DA:215,3
DA:216,3
DA:217,3
DA:218,0
DA:219,3
DA:220,3
DA:221,3
DA:222,3
DA:223,3
DA:224,3
DA:225,3
DA:226,3
DA:227,3
DA:228,3
DA:229,3
DA:230,3
DA:231,3
DA:232,3
DA:233,3
DA:234,3
DA:235,7
DA:236,7
DA:237,7
DA:238,7
DA:239,7
DA:240,7
DA:241,7
DA:242,7
DA:243,1
DA:244,1
DA:245,1
DA:246,1
DA:247,1
DA:248,1
DA:249,1
DA:250,1
DA:251,1
DA:252,1
DA:253,1
DA:254,1
DA:255,1
DA:256,1
DA:257,1
DA:258,1
DA:259,1
DA:260,1
DA:261,1
DA:262,7
DA:263,7
DA:264,7
DA:265,7
DA:266,1
DA:267,1
DA:268,1
DA:269,1
DA:270,1
DA:271,1
DA:272,1
DA:273,1
DA:274,1
DA:275,1
DA:276,1
DA:277,1
DA:278,1
DA:279,1
DA:280,1
DA:281,1
DA:282,1
DA:283,1
DA:284,1
DA:285,1
DA:286,1
DA:287,1
DA:288,1
DA:289,1
DA:290,1
DA:291,1
DA:292,1
DA:293,1
DA:294,1
DA:295,1
DA:296,1
DA:297,1
DA:298,1
DA:299,1
DA:300,1
DA:301,1
DA:302,1
DA:303,1
DA:304,7
DA:305,7
DA:306,7
DA:307,7
DA:308,7
DA:309,1
DA:310,1
DA:311,1
DA:312,7
DA:313,7
DA:314,7
DA:315,1
DA:316,1
DA:317,1
DA:318,1
DA:319,1
DA:320,1
DA:321,1
DA:322,1
DA:323,1
DA:324,1
DA:325,1
DA:326,1
DA:327,1
DA:328,1
DA:329,1
DA:330,1
DA:331,1
DA:332,1
DA:333,1
DA:334,1
DA:335,1
DA:336,7
DA:337,7
DA:338,7
DA:339,7
DA:340,1
DA:341,1
LF:341
LH:329
BRDA:2,0,0,30
BRDA:2,1,0,0
BRDA:2,2,0,5
BRDA:2,3,0,25
BRDA:2,4,0,14
BRDA:2,5,0,5
BRDA:2,6,0,5
BRDA:2,7,0,30
BRDA:2,8,0,49
BRDA:2,9,0,0
BRDA:2,10,0,0
BRDA:2,11,0,0
BRDA:2,12,0,49
BRDA:7,13,0,7
BRDA:265,14,0,1
BRDA:308,15,0,1
BRDA:314,16,0,1
BRDA:314,17,0,1
BRDA:21,18,0,7
BRDA:23,19,0,0
BRDA:29,20,0,0
BRDA:37,21,0,7
BRDA:37,22,0,4
BRDA:37,23,0,28
BRDA:37,24,0,32
BRDA:37,25,0,4
BRDA:48,26,0,4
BRDA:49,27,0,4
BRDA:64,28,0,4
BRDA:65,29,0,4
BRDA:80,30,0,4
BRDA:81,31,0,4
BRDA:86,32,0,0
BRDA:93,33,0,0
BRDA:96,34,0,0
BRDA:101,35,0,3
BRDA:107,36,0,1
BRDA:109,37,0,2
BRDA:128,38,0,7
BRDA:128,39,0,1
BRDA:128,40,0,2
BRDA:128,41,0,5
BRDA:128,42,0,1
BRDA:129,43,0,0
BRDA:129,44,0,1
BRDA:145,45,0,1
BRDA:147,46,0,0
BRDA:163,47,0,0
BRDA:164,48,0,0
BRDA:166,49,0,0
BRDA:148,50,0,1
BRDA:175,51,0,4
BRDA:177,52,0,1
BRDA:205,53,0,3
BRDA:211,54,0,0
BRDA:217,55,0,0
BRDA:217,56,0,0
BRDA:229,57,0,1
BRDA:242,58,0,1
BRDA:248,59,0,0
BRDA:248,60,0,0
BRDA:248,61,0,0
BRDA:272,62,0,1
BRF:63
BRH:43
end_of_record
